<?xml version="1.0" encoding="UTF-8"?>
<!-- Generated by org.testng.reporters.JUnitReportReporter -->
<testsuite skipped="0" hostname="Dell" name="com.dice.FirstTest" tests="1" failures="0" timestamp="07 Mar 2018 20:30:11 GMT" time="4.686" errors="0">
  <testcase name="firstTestMethod" time="4.686" classname="com.dice.FirstTest"/>
</testsuite> <!-- com.dice.FirstTest -->
