<?xml version="1.0" encoding="UTF-8"?>
<!-- Generated by org.testng.reporters.JUnitReportReporter -->
<testsuite skipped="0" hostname="Dell" name="com.SecondTest" tests="1" failures="0" timestamp="07 Mar 2018 20:30:11 GMT" time="1.254" errors="0">
  <testcase name="secondTest" time="1.254" classname="com.SecondTest"/>
</testsuite> <!-- com.SecondTest -->
